<?xml version="1.0" encoding="UTF-8"?>
<!-- Generated by org.testng.reporters.JUnitReportReporter -->
<testsuite hostname="Rohan" failures="0" tests="3" name="testNG_practice.SampleReportTest" time="15.107" errors="0" timestamp="2025-05-02T13:33:45 IST" skipped="0">
  <testcase classname="testNG_practice.SampleReportTest" name="createContactTest" time="2.940"/>
  <testcase classname="testNG_practice.SampleReportTest" name="createContactWithPhoneNumber" time="9.467"/>
  <testcase classname="testNG_practice.SampleReportTest" name="createContactWithORG" time="2.700"/>
</testsuite> <!-- testNG_practice.SampleReportTest -->
