<?xml version="1.0" encoding="UTF-8"?>
<!-- Generated by org.testng.reporters.JUnitReportReporter -->
<testsuite hostname="Rohan" failures="0" tests="1" name="learning_datadriven.Command_Line.ReadRunTimeMavenParameter" time="0.016" errors="0" timestamp="2025-04-17T12:33:29 IST" skipped="0">
  <testcase classname="learning_datadriven.Command_Line.ReadRunTimeMavenParameter" name="runTimeParameter" time="0.016"/>
</testsuite> <!-- learning_datadriven.Command_Line.ReadRunTimeMavenParameter -->
