<?xml version="1.0" encoding="UTF-8"?>
<!-- Generated by org.testng.reporters.JUnitReportReporter -->
<testsuite hostname="Rohan" failures="0" tests="3" name="testNG_practice.LearningToSetPriority" time="0.027" errors="0" timestamp="2025-04-24T10:59:06 IST" skipped="0">
  <testcase classname="testNG_practice.LearningToSetPriority" name="createAccount" time="0.018"/>
  <testcase classname="testNG_practice.LearningToSetPriority" name="modifyAccount" time="0.005"/>
  <testcase classname="testNG_practice.LearningToSetPriority" name="deleteAccount" time="0.004"/>
</testsuite> <!-- testNG_practice.LearningToSetPriority -->
