<?xml version="1.0" encoding="UTF-8"?>
<!-- Generated by org.testng.reporters.JUnitReportReporter -->
<testsuite hostname="Rohan" failures="0" tests="3" name="crm_automation.orgtest.CreateContact" time="40.382" errors="0" timestamp="2025-04-28T15:12:35 IST" skipped="0">
  <testcase classname="crm_automation.orgtest.CreateContact" name="createContactWithMandatoryDetails" time="21.532"/>
  <testcase classname="crm_automation.orgtest.CreateContact" name="createContactWithOrganisation" time="10.943"/>
  <testcase classname="crm_automation.orgtest.CreateContact" name="createContactWithSupportDate" time="7.907"/>
</testsuite> <!-- crm_automation.orgtest.CreateContact -->
