<?xml version="1.0" encoding="UTF-8"?>
<!-- Generated by org.testng.reporters.JUnitReportReporter -->
<testsuite hostname="Rohan" failures="0" tests="4" name="crm_automation.orgtest.CreateOrganisation" time="57.905" errors="0" timestamp="2025-04-28T15:12:35 IST" skipped="0">
  <testcase classname="crm_automation.orgtest.CreateOrganisation" name="createAndDelete" time="19.482"/>
  <testcase classname="crm_automation.orgtest.CreateOrganisation" name="createOrganisationWithOrgName" time="20.689"/>
  <testcase classname="crm_automation.orgtest.CreateOrganisation" name="createOrgWithPhoneNumber" time="8.880"/>
  <testcase classname="crm_automation.orgtest.CreateOrganisation" name="createOrgWithIndustry" time="8.854"/>
</testsuite> <!-- crm_automation.orgtest.CreateOrganisation -->
