<?xml version="1.0" encoding="UTF-8"?>
<!-- Generated by org.testng.reporters.JUnitReportReporter -->
<testsuite hostname="Rohan" failures="0" tests="1" name="learning_datadriven.XML_file.VTiger" time="16.252" errors="0" timestamp="2025-04-18T13:30:25 IST" skipped="0">
  <testcase classname="learning_datadriven.XML_file.VTiger" name="sampleTest" time="16.252"/>
</testsuite> <!-- learning_datadriven.XML_file.VTiger -->
