<?xml version="1.0" encoding="UTF-8"?>
<!-- Generated by org.testng.reporters.JUnitReportReporter -->
<testsuite hostname="Rohan" failures="0" tests="4" name="testNG_practice.GetProductInfoTest" time="64.303" errors="0" timestamp="2025-04-24T14:56:38 IST" skipped="0">
  <testcase classname="testNG_practice.GetProductInfoTest" name="createContactTest" time="9.142"/>
  <testcase classname="testNG_practice.GetProductInfoTest" name="createContactTest" time="12.210"/>
  <testcase classname="testNG_practice.GetProductInfoTest" name="createContactTest" time="21.752"/>
  <testcase classname="testNG_practice.GetProductInfoTest" name="createContactTest" time="21.199"/>
</testsuite> <!-- testNG_practice.GetProductInfoTest -->
