<?xml version="1.0" encoding="UTF-8"?>
<!-- Generated by org.testng.reporters.JUnitReportReporter -->
<testsuite hostname="Rohan" failures="0" tests="1" name="testNG_practice.LearningWithTestNGReports" time="0.020" errors="0" timestamp="2025-04-29T10:19:38 IST" skipped="0">
  <testcase classname="testNG_practice.LearningWithTestNGReports" name="method1Test" time="0.020">
    <system-out>
      <![CDATA[method1Test
Step-1
Step-2
Step-3
Step-4]]>
    </system-out>
  </testcase> <!-- method1Test -->
  <system-out>
    <![CDATA[method1Test
Step-1
Step-2
Step-3
Step-4]]>
  </system-out>
</testsuite> <!-- testNG_practice.LearningWithTestNGReports -->
