<?xml version="1.0" encoding="UTF-8"?>
<!-- Generated by org.testng.reporters.JUnitReportReporter -->
<testsuite hostname="Rohan" failures="0" tests="3" name="testNG_practice.CreateOrganisationTest" time="0.028" errors="0" timestamp="2025-04-25T12:12:11 IST" skipped="0">
  <testcase classname="testNG_practice.CreateOrganisationTest" name="coMethodTest2" time="0.007"/>
  <testcase classname="testNG_practice.CreateOrganisationTest" name="coMethodTest3" time="0.006"/>
  <testcase classname="testNG_practice.CreateOrganisationTest" name="coMethodTest1" time="0.015"/>
</testsuite> <!-- testNG_practice.CreateOrganisationTest -->
