<?xml version="1.0" encoding="UTF-8"?>
<!-- Generated by org.testng.reporters.JUnitReportReporter -->
<testsuite hostname="Rohan" failures="0" tests="1" name="testNG_practice.LearningBeforeMethodTest" time="0.025" errors="0" timestamp="2025-04-24T18:29:30 IST" skipped="0">
  <testcase classname="testNG_practice.LearningBeforeMethodTest" name="demoTest" time="0.025"/>
</testsuite> <!-- testNG_practice.LearningBeforeMethodTest -->
