<?xml version="1.0" encoding="UTF-8"?>
<!-- Generated by org.testng.reporters.JUnitReportReporter -->
<testsuite hostname="Rohan" failures="0" tests="1" name="testNG_practice.LearningWithRetryAnalyzer" time="5.203" errors="0" timestamp="2025-04-29T15:31:41 IST" skipped="0">
  <testcase classname="testNG_practice.LearningWithRetryAnalyzer" name="createInvoiceTest" time="5.203"/>
</testsuite> <!-- testNG_practice.LearningWithRetryAnalyzer -->
