<?xml version="1.0" encoding="UTF-8"?>
<!-- Generated by org.testng.reporters.JUnitReportReporter -->
<testsuite hostname="Rohan" failures="0" tests="4" name="testNG_practice.CreateContact_DP_Test" time="0.036" errors="0" timestamp="2025-04-24T13:23:04 IST" skipped="0">
  <testcase classname="testNG_practice.CreateContact_DP_Test" name="createContactTest" time="0.005"/>
  <testcase classname="testNG_practice.CreateContact_DP_Test" name="createContactTest" time="0.002"/>
  <testcase classname="testNG_practice.CreateContact_DP_Test" name="createContactTest" time="0.015"/>
  <testcase classname="testNG_practice.CreateContact_DP_Test" name="createContactTest" time="0.014"/>
</testsuite> <!-- testNG_practice.CreateContact_DP_Test -->
