<?xml version="1.0" encoding="UTF-8"?>
<!-- Generated by org.testng.reporters.JUnitReportReporter -->
<testsuite hostname="Rohan" failures="0" tests="1" name="crm_automation.orgtest.CreateAndDelete" time="20.918" errors="0" timestamp="2025-04-26T20:08:43 IST" skipped="0">
  <testcase classname="crm_automation.orgtest.CreateAndDelete" name="createAndDelete" time="20.918"/>
</testsuite> <!-- crm_automation.orgtest.CreateAndDelete -->
