<?xml version="1.0" encoding="UTF-8"?>
<!-- Generated by org.testng.reporters.JUnitReportReporter -->
<testsuite hostname="Rohan" failures="0" tests="1" name="crm_automation.orgtest.CreateOrgWithIndustry" time="22.344" errors="0" timestamp="2025-04-26T20:59:33 IST" skipped="0">
  <testcase classname="crm_automation.orgtest.CreateOrgWithIndustry" name="createOrgWithIndustry" time="22.344"/>
</testsuite> <!-- crm_automation.orgtest.CreateOrgWithIndustry -->
