<?xml version="1.0" encoding="UTF-8"?>
<!-- Generated by org.testng.reporters.JUnitReportReporter -->
<testsuite hostname="Rohan" failures="0" tests="1" name="learning_datadriven.XML_file.ReadDataFromTestNGXml" time="0.014" errors="0" timestamp="2025-04-18T13:13:43 IST" skipped="0">
  <testcase classname="learning_datadriven.XML_file.ReadDataFromTestNGXml" name="sample" time="0.014"/>
</testsuite> <!-- learning_datadriven.XML_file.ReadDataFromTestNGXml -->
