<?xml version="1.0" encoding="UTF-8"?>
<!-- Generated by org.testng.reporters.JUnitReportReporter -->
<testsuite hostname="Rohan" failures="0" tests="1" name="learning_datadriven.XML_file.Program2" time="0.019" errors="0" timestamp="2025-04-20T14:57:57 IST" skipped="0">
  <testcase classname="learning_datadriven.XML_file.Program2" name="readDataTest" time="0.019"/>
</testsuite> <!-- learning_datadriven.XML_file.Program2 -->
