<?xml version="1.0" encoding="UTF-8"?>
<!-- Generated by org.testng.reporters.JUnitReportReporter -->
<testsuite hostname="Rohan" failures="0" tests="1" name="crm_automation.orgtest.CreateOrgWithPhoneNumber" time="15.068" errors="0" timestamp="2025-04-26T21:03:37 IST" skipped="0">
  <testcase classname="crm_automation.orgtest.CreateOrgWithPhoneNumber" name="createOrgWithPhoneNumber" time="15.068"/>
</testsuite> <!-- crm_automation.orgtest.CreateOrgWithPhoneNumber -->
