<?xml version="1.0" encoding="UTF-8"?>
<!-- Generated by org.testng.reporters.JUnitReportReporter -->
<testsuite hostname="Rohan" failures="0" tests="1" name="testNG_practice.Program1" time="0.023" errors="0" timestamp="2025-04-28T14:20:16 IST" skipped="0">
  <testcase classname="testNG_practice.Program1" name="createContactWithType" time="0.023"/>
</testsuite> <!-- testNG_practice.Program1 -->
