<?xml version="1.0" encoding="UTF-8"?>
<!-- Generated by org.testng.reporters.JUnitReportReporter -->
<testsuite hostname="Rohan" failures="0" tests="3" name="testNG_practice.CreateContactTest" time="0.026" errors="0" timestamp="2025-04-25T12:12:11 IST" skipped="0">
  <testcase classname="testNG_practice.CreateContactTest" name="ccMethodTest2" time="0.008"/>
  <testcase classname="testNG_practice.CreateContactTest" name="ccMethodTest3" time="0.006"/>
  <testcase classname="testNG_practice.CreateContactTest" name="ccMethodTest1" time="0.012"/>
</testsuite> <!-- testNG_practice.CreateContactTest -->
